2026-03-01 22:15:19,452 - app.ingestion.api_client - INFO - Starting API request...
2026-03-01 22:15:20,832 - app.ingestion.api_client - ERROR - HTTP error occurred: 400 Client Error: Bad Request for url: https://restcountries.com/v3.1/all
2026-03-01 22:16:55,760 - app.ingestion.api_client - INFO - Starting API request...
2026-03-01 22:16:57,063 - app.ingestion.api_client - ERROR - HTTP error occurred: 400 Client Error: Bad Request for url: https://restcountries.com/v3.1/all
2026-03-01 22:20:36,333 - app.ingestion.api_client - INFO - Starting API request...
2026-03-01 22:20:38,811 - app.ingestion.api_client - INFO - API request successful.
2026-03-01 22:20:38,835 - app.ingestion.api_client - INFO - Raw data saved at data/raw/countries_raw_20260301_222038.json
2026-03-04 17:17:11,250 - app.ingestion.api_client - INFO - Starting API request...
2026-03-04 17:17:22,535 - app.ingestion.api_client - ERROR - Request error occurred: HTTPSConnectionPool(host='restcountries.com', port=443): Read timed out. (read timeout=10)
2026-03-04 17:18:30,135 - app.processing.validator - INFO - Loading raw file: data/raw\countries_raw_20260301_222038.json
2026-03-04 17:18:30,175 - app.processing.validator - INFO - Raw data loaded successfully.
2026-03-04 17:18:30,246 - app.processing.validator - INFO - Converted JSON to Dataframe.
2026-03-04 17:18:30,247 - app.processing.validator - INFO - Generating Schema Report...
2026-03-04 17:18:30,267 - app.processing.validator - INFO - Schema report saved to data/processed/schema_report.json
2026-03-05 23:35:54,001 - app.processing.validator - INFO - Loading raw file: data/raw\countries_raw_20260301_222038.json
2026-03-05 23:35:54,027 - app.processing.validator - INFO - Raw data loaded successfully.
2026-03-05 23:35:54,088 - app.processing.validator - INFO - Converted JSON to Dataframe.
2026-03-05 23:35:54,091 - app.processing.validator - INFO - Generating Schema Report...
2026-03-05 23:35:54,134 - app.processing.validator - INFO - Schema report saved to data/processed/schema_report.json
2026-03-05 23:40:31,235 - app.processing.validator - INFO - Loading raw file: data/raw\countries_raw_20260301_222038.json
2026-03-05 23:40:31,240 - app.processing.validator - INFO - Raw data loaded successfully.
2026-03-05 23:40:31,319 - app.processing.validator - INFO - Converted JSON to Dataframe.
2026-03-05 23:40:31,320 - app.processing.validator - INFO - Generating Schema Report...
2026-03-05 23:40:31,361 - app.processing.validator - INFO - Schema report saved to data/processed/schema_report.json
2026-03-05 23:40:31,372 - app.processing.cleaner - INFO - Available columns: ['capital', 'region', 'population', 'name.common', 'name.official', 'name.nativeName.bwg.official', 'name.nativeName.bwg.common', 'name.nativeName.eng.official', 'name.nativeName.eng.common', 'name.nativeName.kck.official', 'name.nativeName.kck.common', 'name.nativeName.khi.official', 'name.nativeName.khi.common', 'name.nativeName.ndc.official', 'name.nativeName.ndc.common', 'name.nativeName.nde.official', 'name.nativeName.nde.common', 'name.nativeName.nya.official', 'name.nativeName.nya.common', 'name.nativeName.sna.official', 'name.nativeName.sna.common', 'name.nativeName.sot.official', 'name.nativeName.sot.common', 'name.nativeName.toi.official', 'name.nativeName.toi.common', 'name.nativeName.tsn.official', 'name.nativeName.tsn.common', 'name.nativeName.tso.official', 'name.nativeName.tso.common', 'name.nativeName.ven.official', 'name.nativeName.ven.common', 'name.nativeName.xho.official', 'name.nativeName.xho.common', 'name.nativeName.zib.official', 'name.nativeName.zib.common', 'name.nativeName.gil.official', 'name.nativeName.gil.common', 'name.nativeName.kor.official', 'name.nativeName.kor.common', 'name.nativeName.spa.official', 'name.nativeName.spa.common', 'name.nativeName.ara.official', 'name.nativeName.ara.common', 'name.nativeName.ita.official', 'name.nativeName.ita.common', 'name.nativeName.fra.official', 'name.nativeName.fra.common', 'name.nativeName.por.official', 'name.nativeName.por.common', 'name.nativeName.slv.official', 'name.nativeName.slv.common', 'name.nativeName.mkd.official', 'name.nativeName.mkd.common', 'name.nativeName.run.official', 'name.nativeName.run.common', 'name.nativeName.amh.official', 'name.nativeName.amh.common', 'name.nativeName.vie.official', 'name.nativeName.vie.common', 'name.nativeName.pol.official', 'name.nativeName.pol.common', 'name.nativeName.heb.official', 'name.nativeName.heb.common', 'name.nativeName.grn.official', 'name.nativeName.grn.common', 'name.nativeName.prs.official', 'name.nativeName.prs.common', 'name.nativeName.pus.official', 'name.nativeName.pus.common', 'name.nativeName.tuk.official', 'name.nativeName.tuk.common', 'name.nativeName.hmo.official', 'name.nativeName.hmo.common', 'name.nativeName.tpi.official', 'name.nativeName.tpi.common', 'name.nativeName.mri.official', 'name.nativeName.mri.common', 'name.nativeName.nzs.official', 'name.nativeName.nzs.common', 'name.nativeName.ces.official', 'name.nativeName.ces.common', 'name.nativeName.slk.official', 'name.nativeName.slk.common', 'name.nativeName.tet.official', 'name.nativeName.tet.common', 'name.nativeName.rus.official', 'name.nativeName.rus.common', 'name.nativeName.aym.official', 'name.nativeName.aym.common', 'name.nativeName.que.official', 'name.nativeName.que.common', 'name.nativeName.fij.official', 'name.nativeName.fij.common', 'name.nativeName.hif.official', 'name.nativeName.hif.common', 'name.nativeName.mya.official', 'name.nativeName.mya.common', 'name.nativeName.mlg.official', 'name.nativeName.mlg.common', 'name.nativeName.tvl.official', 'name.nativeName.tvl.common', 'name.nativeName.nfr.official', 'name.nativeName.nfr.common', 'name.nativeName.hun.official', 'name.nativeName.hun.common', 'name.nativeName.kir.official', 'name.nativeName.kir.common', 'name.nativeName.ind.official', 'name.nativeName.ind.common', 'name.nativeName.smo.official', 'name.nativeName.smo.common', 'name.nativeName.nld.official', 'name.nativeName.nld.common', 'name.nativeName.aze.official', 'name.nativeName.aze.common', 'name.nativeName.swa.official', 'name.nativeName.swa.common', 'name.nativeName.cal.official', 'name.nativeName.cal.common', 'name.nativeName.cha.official', 'name.nativeName.cha.common', 'name.nativeName.hye.official', 'name.nativeName.hye.common', 'name.nativeName.zdj.official', 'name.nativeName.zdj.common', 'name.nativeName.tur.official', 'name.nativeName.tur.common', 'name.nativeName.deu.official', 'name.nativeName.deu.common', 'name.nativeName.mon.official', 'name.nativeName.mon.common', 'name.nativeName.srp.official', 'name.nativeName.srp.common', 'name.nativeName.zho.official', 'name.nativeName.zho.common', 'name.nativeName.cnr.official', 'name.nativeName.cnr.common', 'name.nativeName.khm.official', 'name.nativeName.khm.common', 'name.nativeName.pap.official', 'name.nativeName.pap.common', 'name.nativeName.ukr.official', 'name.nativeName.ukr.common', 'name.nativeName.glv.official', 'name.nativeName.glv.common', 'name.nativeName.ber.official', 'name.nativeName.ber.common', 'name.nativeName.mey.official', 'name.nativeName.mey.common', 'name.nativeName.sqi.official', 'name.nativeName.sqi.common', 'name.nativeName.ell.official', 'name.nativeName.ell.common', 'name.nativeName.nau.official', 'name.nativeName.nau.common', 'name.nativeName.lav.official', 'name.nativeName.lav.common', 'name.nativeName.rar.official', 'name.nativeName.rar.common', 'name.nativeName.mlt.official', 'name.nativeName.mlt.common', 'name.nativeName.ltz.official', 'name.nativeName.ltz.common', 'name.nativeName.gle.official', 'name.nativeName.gle.common', 'name.nativeName.mah.official', 'name.nativeName.mah.common', 'name.nativeName.div.official', 'name.nativeName.div.common', 'name.nativeName.niu.official', 'name.nativeName.niu.common', 'name.nativeName.msa.official', 'name.nativeName.msa.common', 'name.nativeName.uzb.official', 'name.nativeName.uzb.common', 'name.nativeName.ron.official', 'name.nativeName.ron.common', 'name.nativeName.mfe.official', 'name.nativeName.mfe.common', 'name.nativeName.ton.official', 'name.nativeName.ton.common', 'name.nativeName.crs.official', 'name.nativeName.crs.common', 'name.nativeName.est.official', 'name.nativeName.est.common', 'name.nativeName.fil.official', 'name.nativeName.fil.common', 'name.nativeName.lat.official', 'name.nativeName.lat.common', 'name.nativeName.hin.official', 'name.nativeName.hin.common', 'name.nativeName.tam.official', 'name.nativeName.tam.common', 'name.nativeName.pih.official', 'name.nativeName.pih.common', 'name.nativeName.bel.official', 'name.nativeName.bel.common', 'name.nativeName.lit.official', 'name.nativeName.lit.common', 'name.nativeName.arc.official', 'name.nativeName.arc.common', 'name.nativeName.ckb.official', 'name.nativeName.ckb.common', 'name.nativeName.kat.official', 'name.nativeName.kat.common', 'name.nativeName.fin.official', 'name.nativeName.fin.common', 'name.nativeName.swe.official', 'name.nativeName.swe.common', 'name.nativeName.nrf.official', 'name.nativeName.nrf.common', 'name.nativeName.dan.official', 'name.nativeName.dan.common', 'name.nativeName.fao.official', 'name.nativeName.fao.common', 'name.nativeName.sin.official', 'name.nativeName.sin.common', 'name.nativeName.tha.official', 'name.nativeName.tha.common', 'name.nativeName.kal.official', 'name.nativeName.kal.common', 'name.nativeName.bul.official', 'name.nativeName.bul.common', 'name.nativeName.kon.official', 'name.nativeName.kon.common', 'name.nativeName.lin.official', 'name.nativeName.lin.common', 'name.nativeName.nor.official', 'name.nativeName.nor.common', 'name.nativeName.cat.official', 'name.nativeName.cat.common', 'name.nativeName.fas.official', 'name.nativeName.fas.common', 'name.nativeName.isl.official', 'name.nativeName.isl.common', 'name.nativeName.afr.official', 'name.nativeName.afr.common', 'name.nativeName.her.official', 'name.nativeName.her.common', 'name.nativeName.hgm.official', 'name.nativeName.hgm.common', 'name.nativeName.kwn.official', 'name.nativeName.kwn.common', 'name.nativeName.loz.official', 'name.nativeName.loz.common', 'name.nativeName.ndo.official', 'name.nativeName.ndo.common', 'name.nativeName.tgk.official', 'name.nativeName.tgk.common', 'name.nativeName.bis.official', 'name.nativeName.bis.common', 'name.nativeName.jam.official', 'name.nativeName.jam.common', 'name.nativeName.pau.official', 'name.nativeName.pau.common', 'name.nativeName.dzo.official', 'name.nativeName.dzo.common', 'name.nativeName.lua.official', 'name.nativeName.lua.common', 'name.nativeName.kaz.official', 'name.nativeName.kaz.common', 'name.nativeName.tir.official', 'name.nativeName.tir.common', 'name.nativeName.hrv.official', 'name.nativeName.hrv.common', 'name.nativeName.nno.official', 'name.nativeName.nno.common', 'name.nativeName.nob.official', 'name.nativeName.nob.common', 'name.nativeName.smi.official', 'name.nativeName.smi.common', 'name.nativeName.bar.official', 'name.nativeName.bar.common', 'name.nativeName.gsw.official', 'name.nativeName.gsw.common', 'name.nativeName.roh.official', 'name.nativeName.roh.common', 'name.nativeName.bjz.official', 'name.nativeName.bjz.common', 'name.nativeName.lao.official', 'name.nativeName.lao.common', 'name.nativeName.kin.official', 'name.nativeName.kin.common', 'name.nativeName.nbl.official', 'name.nativeName.nbl.common', 'name.nativeName.nso.official', 'name.nativeName.nso.common', 'name.nativeName.ssw.official', 'name.nativeName.ssw.common', 'name.nativeName.zul.official', 'name.nativeName.zul.common', 'name.nativeName.hat.official', 'name.nativeName.hat.common', 'name.nativeName.tkl.official', 'name.nativeName.tkl.common', 'name.nativeName.som.official', 'name.nativeName.som.common', 'name.nativeName.jpn.official', 'name.nativeName.jpn.common', 'name.nativeName.ben.official', 'name.nativeName.ben.common', 'name.nativeName.sag.official', 'name.nativeName.sag.common', 'name.nativeName.urd.official', 'name.nativeName.urd.common', 'name.nativeName.nep.official', 'name.nativeName.nep.common', 'name.nativeName.bos.official', 'name.nativeName.bos.common', 'name.nativeName.pov.official', 'name.nativeName.pov.common']
2026-03-05 23:40:31,390 - app.processing.cleaner - INFO - selected relevant columns
2026-03-05 23:40:31,416 - app.processing.cleaner - INFO - Columns Renamed
2026-03-05 23:43:23,911 - app.processing.validator - INFO - Loading raw file: data/raw\countries_raw_20260301_222038.json
2026-03-05 23:43:23,924 - app.processing.validator - INFO - Raw data loaded successfully.
2026-03-05 23:43:23,978 - app.processing.validator - INFO - Converted JSON to Dataframe.
2026-03-05 23:43:23,979 - app.processing.validator - INFO - Generating Schema Report...
2026-03-05 23:43:23,999 - app.processing.validator - INFO - Schema report saved to data/processed/schema_report.json
2026-03-05 23:43:24,003 - app.processing.cleaner - INFO - Available columns: ['capital', 'region', 'population', 'name.common', 'name.official', 'name.nativeName.bwg.official', 'name.nativeName.bwg.common', 'name.nativeName.eng.official', 'name.nativeName.eng.common', 'name.nativeName.kck.official', 'name.nativeName.kck.common', 'name.nativeName.khi.official', 'name.nativeName.khi.common', 'name.nativeName.ndc.official', 'name.nativeName.ndc.common', 'name.nativeName.nde.official', 'name.nativeName.nde.common', 'name.nativeName.nya.official', 'name.nativeName.nya.common', 'name.nativeName.sna.official', 'name.nativeName.sna.common', 'name.nativeName.sot.official', 'name.nativeName.sot.common', 'name.nativeName.toi.official', 'name.nativeName.toi.common', 'name.nativeName.tsn.official', 'name.nativeName.tsn.common', 'name.nativeName.tso.official', 'name.nativeName.tso.common', 'name.nativeName.ven.official', 'name.nativeName.ven.common', 'name.nativeName.xho.official', 'name.nativeName.xho.common', 'name.nativeName.zib.official', 'name.nativeName.zib.common', 'name.nativeName.gil.official', 'name.nativeName.gil.common', 'name.nativeName.kor.official', 'name.nativeName.kor.common', 'name.nativeName.spa.official', 'name.nativeName.spa.common', 'name.nativeName.ara.official', 'name.nativeName.ara.common', 'name.nativeName.ita.official', 'name.nativeName.ita.common', 'name.nativeName.fra.official', 'name.nativeName.fra.common', 'name.nativeName.por.official', 'name.nativeName.por.common', 'name.nativeName.slv.official', 'name.nativeName.slv.common', 'name.nativeName.mkd.official', 'name.nativeName.mkd.common', 'name.nativeName.run.official', 'name.nativeName.run.common', 'name.nativeName.amh.official', 'name.nativeName.amh.common', 'name.nativeName.vie.official', 'name.nativeName.vie.common', 'name.nativeName.pol.official', 'name.nativeName.pol.common', 'name.nativeName.heb.official', 'name.nativeName.heb.common', 'name.nativeName.grn.official', 'name.nativeName.grn.common', 'name.nativeName.prs.official', 'name.nativeName.prs.common', 'name.nativeName.pus.official', 'name.nativeName.pus.common', 'name.nativeName.tuk.official', 'name.nativeName.tuk.common', 'name.nativeName.hmo.official', 'name.nativeName.hmo.common', 'name.nativeName.tpi.official', 'name.nativeName.tpi.common', 'name.nativeName.mri.official', 'name.nativeName.mri.common', 'name.nativeName.nzs.official', 'name.nativeName.nzs.common', 'name.nativeName.ces.official', 'name.nativeName.ces.common', 'name.nativeName.slk.official', 'name.nativeName.slk.common', 'name.nativeName.tet.official', 'name.nativeName.tet.common', 'name.nativeName.rus.official', 'name.nativeName.rus.common', 'name.nativeName.aym.official', 'name.nativeName.aym.common', 'name.nativeName.que.official', 'name.nativeName.que.common', 'name.nativeName.fij.official', 'name.nativeName.fij.common', 'name.nativeName.hif.official', 'name.nativeName.hif.common', 'name.nativeName.mya.official', 'name.nativeName.mya.common', 'name.nativeName.mlg.official', 'name.nativeName.mlg.common', 'name.nativeName.tvl.official', 'name.nativeName.tvl.common', 'name.nativeName.nfr.official', 'name.nativeName.nfr.common', 'name.nativeName.hun.official', 'name.nativeName.hun.common', 'name.nativeName.kir.official', 'name.nativeName.kir.common', 'name.nativeName.ind.official', 'name.nativeName.ind.common', 'name.nativeName.smo.official', 'name.nativeName.smo.common', 'name.nativeName.nld.official', 'name.nativeName.nld.common', 'name.nativeName.aze.official', 'name.nativeName.aze.common', 'name.nativeName.swa.official', 'name.nativeName.swa.common', 'name.nativeName.cal.official', 'name.nativeName.cal.common', 'name.nativeName.cha.official', 'name.nativeName.cha.common', 'name.nativeName.hye.official', 'name.nativeName.hye.common', 'name.nativeName.zdj.official', 'name.nativeName.zdj.common', 'name.nativeName.tur.official', 'name.nativeName.tur.common', 'name.nativeName.deu.official', 'name.nativeName.deu.common', 'name.nativeName.mon.official', 'name.nativeName.mon.common', 'name.nativeName.srp.official', 'name.nativeName.srp.common', 'name.nativeName.zho.official', 'name.nativeName.zho.common', 'name.nativeName.cnr.official', 'name.nativeName.cnr.common', 'name.nativeName.khm.official', 'name.nativeName.khm.common', 'name.nativeName.pap.official', 'name.nativeName.pap.common', 'name.nativeName.ukr.official', 'name.nativeName.ukr.common', 'name.nativeName.glv.official', 'name.nativeName.glv.common', 'name.nativeName.ber.official', 'name.nativeName.ber.common', 'name.nativeName.mey.official', 'name.nativeName.mey.common', 'name.nativeName.sqi.official', 'name.nativeName.sqi.common', 'name.nativeName.ell.official', 'name.nativeName.ell.common', 'name.nativeName.nau.official', 'name.nativeName.nau.common', 'name.nativeName.lav.official', 'name.nativeName.lav.common', 'name.nativeName.rar.official', 'name.nativeName.rar.common', 'name.nativeName.mlt.official', 'name.nativeName.mlt.common', 'name.nativeName.ltz.official', 'name.nativeName.ltz.common', 'name.nativeName.gle.official', 'name.nativeName.gle.common', 'name.nativeName.mah.official', 'name.nativeName.mah.common', 'name.nativeName.div.official', 'name.nativeName.div.common', 'name.nativeName.niu.official', 'name.nativeName.niu.common', 'name.nativeName.msa.official', 'name.nativeName.msa.common', 'name.nativeName.uzb.official', 'name.nativeName.uzb.common', 'name.nativeName.ron.official', 'name.nativeName.ron.common', 'name.nativeName.mfe.official', 'name.nativeName.mfe.common', 'name.nativeName.ton.official', 'name.nativeName.ton.common', 'name.nativeName.crs.official', 'name.nativeName.crs.common', 'name.nativeName.est.official', 'name.nativeName.est.common', 'name.nativeName.fil.official', 'name.nativeName.fil.common', 'name.nativeName.lat.official', 'name.nativeName.lat.common', 'name.nativeName.hin.official', 'name.nativeName.hin.common', 'name.nativeName.tam.official', 'name.nativeName.tam.common', 'name.nativeName.pih.official', 'name.nativeName.pih.common', 'name.nativeName.bel.official', 'name.nativeName.bel.common', 'name.nativeName.lit.official', 'name.nativeName.lit.common', 'name.nativeName.arc.official', 'name.nativeName.arc.common', 'name.nativeName.ckb.official', 'name.nativeName.ckb.common', 'name.nativeName.kat.official', 'name.nativeName.kat.common', 'name.nativeName.fin.official', 'name.nativeName.fin.common', 'name.nativeName.swe.official', 'name.nativeName.swe.common', 'name.nativeName.nrf.official', 'name.nativeName.nrf.common', 'name.nativeName.dan.official', 'name.nativeName.dan.common', 'name.nativeName.fao.official', 'name.nativeName.fao.common', 'name.nativeName.sin.official', 'name.nativeName.sin.common', 'name.nativeName.tha.official', 'name.nativeName.tha.common', 'name.nativeName.kal.official', 'name.nativeName.kal.common', 'name.nativeName.bul.official', 'name.nativeName.bul.common', 'name.nativeName.kon.official', 'name.nativeName.kon.common', 'name.nativeName.lin.official', 'name.nativeName.lin.common', 'name.nativeName.nor.official', 'name.nativeName.nor.common', 'name.nativeName.cat.official', 'name.nativeName.cat.common', 'name.nativeName.fas.official', 'name.nativeName.fas.common', 'name.nativeName.isl.official', 'name.nativeName.isl.common', 'name.nativeName.afr.official', 'name.nativeName.afr.common', 'name.nativeName.her.official', 'name.nativeName.her.common', 'name.nativeName.hgm.official', 'name.nativeName.hgm.common', 'name.nativeName.kwn.official', 'name.nativeName.kwn.common', 'name.nativeName.loz.official', 'name.nativeName.loz.common', 'name.nativeName.ndo.official', 'name.nativeName.ndo.common', 'name.nativeName.tgk.official', 'name.nativeName.tgk.common', 'name.nativeName.bis.official', 'name.nativeName.bis.common', 'name.nativeName.jam.official', 'name.nativeName.jam.common', 'name.nativeName.pau.official', 'name.nativeName.pau.common', 'name.nativeName.dzo.official', 'name.nativeName.dzo.common', 'name.nativeName.lua.official', 'name.nativeName.lua.common', 'name.nativeName.kaz.official', 'name.nativeName.kaz.common', 'name.nativeName.tir.official', 'name.nativeName.tir.common', 'name.nativeName.hrv.official', 'name.nativeName.hrv.common', 'name.nativeName.nno.official', 'name.nativeName.nno.common', 'name.nativeName.nob.official', 'name.nativeName.nob.common', 'name.nativeName.smi.official', 'name.nativeName.smi.common', 'name.nativeName.bar.official', 'name.nativeName.bar.common', 'name.nativeName.gsw.official', 'name.nativeName.gsw.common', 'name.nativeName.roh.official', 'name.nativeName.roh.common', 'name.nativeName.bjz.official', 'name.nativeName.bjz.common', 'name.nativeName.lao.official', 'name.nativeName.lao.common', 'name.nativeName.kin.official', 'name.nativeName.kin.common', 'name.nativeName.nbl.official', 'name.nativeName.nbl.common', 'name.nativeName.nso.official', 'name.nativeName.nso.common', 'name.nativeName.ssw.official', 'name.nativeName.ssw.common', 'name.nativeName.zul.official', 'name.nativeName.zul.common', 'name.nativeName.hat.official', 'name.nativeName.hat.common', 'name.nativeName.tkl.official', 'name.nativeName.tkl.common', 'name.nativeName.som.official', 'name.nativeName.som.common', 'name.nativeName.jpn.official', 'name.nativeName.jpn.common', 'name.nativeName.ben.official', 'name.nativeName.ben.common', 'name.nativeName.sag.official', 'name.nativeName.sag.common', 'name.nativeName.urd.official', 'name.nativeName.urd.common', 'name.nativeName.nep.official', 'name.nativeName.nep.common', 'name.nativeName.bos.official', 'name.nativeName.bos.common', 'name.nativeName.pov.official', 'name.nativeName.pov.common']
2026-03-05 23:43:24,008 - app.processing.cleaner - INFO - selected relevant columns
2026-03-05 23:43:24,012 - app.processing.cleaner - INFO - Columns Renamed
2026-03-05 23:43:24,015 - app.processing.cleaner - INFO - Handled missing values
2026-03-05 23:43:24,018 - app.processing.cleaner - INFO - Nested field normalized
2026-03-05 23:43:24,019 - app.processing.cleaner - INFO - Clean dataset shape: (250, 10)
2026-03-05 23:43:24,019 - app.processing.cleaner - INFO - Data cleaning completed
2026-03-06 22:48:05,486 - app.processing.validator - INFO - Loading raw file: data/raw\countries_raw_20260301_222038.json
2026-03-06 22:48:05,499 - app.processing.validator - INFO - Raw data loaded successfully.
2026-03-06 22:48:05,536 - app.processing.validator - INFO - Converted JSON to Dataframe.
2026-03-06 22:48:05,536 - app.processing.validator - INFO - Generating Schema Report...
2026-03-06 22:48:05,562 - app.processing.validator - INFO - Schema report saved to data/processed/schema_report.json
2026-03-06 22:48:05,576 - app.processing.cleaner - INFO - selected relevant columns
2026-03-06 22:48:05,578 - app.processing.cleaner - INFO - Columns Renamed
2026-03-06 22:48:05,582 - app.processing.cleaner - INFO - Handled missing values
2026-03-06 22:48:05,583 - app.processing.cleaner - INFO - Nested field normalized
2026-03-06 22:48:05,583 - app.processing.cleaner - INFO - Clean dataset shape: (250, 10)
2026-03-06 22:48:05,583 - app.processing.cleaner - INFO - Data cleaning completed
2026-03-06 22:48:05,600 - app.processing.transformer - INFO - Population density calculated
2026-03-06 22:48:05,631 - app.processing.transformer - INFO - Region statistics created
2026-03-06 22:48:05,650 - app.processing.transformer - INFO - Language table created
2026-03-06 22:48:05,657 - app.processing.transformer - INFO - Currency table created
2026-03-06 22:48:05,659 - app.processing.transformer - INFO - All transformation completed
2026-03-07 16:09:34,060 - app.ingestion.api_client - INFO - Starting API request...
2026-03-07 16:09:35,757 - app.ingestion.api_client - INFO - API request successful.
2026-03-07 16:09:35,779 - app.ingestion.api_client - INFO - Raw data saved at data/raw/countries_raw_20260307_160935.json
2026-03-07 16:09:35,779 - app.processing.validator - INFO - Loading raw file: data/raw\countries_raw_20260307_160935.json
2026-03-07 16:09:35,796 - app.processing.validator - INFO - Raw data loaded successfully.
2026-03-07 16:09:35,841 - app.processing.validator - INFO - Converted JSON to Dataframe.
2026-03-07 16:09:35,841 - app.processing.validator - INFO - Generating Schema Report...
2026-03-07 16:09:35,870 - app.processing.validator - INFO - Schema report saved to data/processed/schema_report.json
2026-03-07 16:09:35,896 - app.processing.cleaner - INFO - selected relevant columns
2026-03-07 16:09:35,896 - app.processing.cleaner - INFO - Columns Renamed
2026-03-07 16:09:35,908 - app.processing.cleaner - INFO - Handled missing values
2026-03-07 16:09:35,910 - app.processing.cleaner - INFO - Nested field normalized
2026-03-07 16:09:35,911 - app.processing.cleaner - INFO - Clean dataset shape: (250, 10)
2026-03-07 16:09:35,911 - app.processing.cleaner - INFO - Data cleaning completed
2026-03-07 16:09:35,924 - app.processing.transformer - INFO - Population density calculated
2026-03-07 16:09:35,962 - app.processing.transformer - INFO - Region statistics created
2026-03-07 16:09:35,967 - app.processing.transformer - INFO - Language table created
2026-03-07 16:09:35,977 - app.processing.transformer - INFO - Currency table created
2026-03-07 16:09:35,977 - app.processing.transformer - INFO - All transformation completed
2026-03-07 16:12:02,017 - app.ingestion.api_client - INFO - Starting API request...
2026-03-07 16:12:03,219 - app.ingestion.api_client - INFO - API request successful.
2026-03-07 16:12:03,219 - app.ingestion.api_client - INFO - Raw data saved at data/raw/countries_raw_20260307_161203.json
2026-03-07 16:12:03,234 - app.processing.validator - INFO - Loading raw file: data/raw\countries_raw_20260307_161203.json
2026-03-07 16:12:03,249 - app.processing.validator - INFO - Raw data loaded successfully.
2026-03-07 16:12:03,269 - app.processing.validator - INFO - Converted JSON to Dataframe.
2026-03-07 16:12:03,269 - app.processing.validator - INFO - Generating Schema Report...
2026-03-07 16:12:03,274 - app.processing.validator - INFO - Schema report saved to data/processed/schema_report.json
2026-03-07 16:12:03,274 - app.processing.cleaner - INFO - selected relevant columns
2026-03-07 16:12:03,288 - app.processing.cleaner - INFO - Columns Renamed
2026-03-07 16:12:03,290 - app.processing.cleaner - INFO - Handled missing values
2026-03-07 16:12:03,291 - app.processing.cleaner - INFO - Nested field normalized
2026-03-07 16:12:03,291 - app.processing.cleaner - INFO - Clean dataset shape: (250, 10)
2026-03-07 16:12:03,291 - app.processing.cleaner - INFO - Data cleaning completed
2026-03-07 16:12:03,291 - app.processing.transformer - INFO - Population density calculated
2026-03-07 16:12:03,307 - app.processing.transformer - INFO - Region statistics created
2026-03-07 16:12:03,316 - app.processing.transformer - INFO - Language table created
2026-03-07 16:12:03,319 - app.processing.transformer - INFO - Currency table created
2026-03-07 16:12:03,319 - app.processing.transformer - INFO - All transformation completed
2026-03-07 16:12:03,552 - app.storage.database - INFO - Database tables created
2026-03-07 16:12:03,595 - app.storage.database - INFO - Data loaded into countries
2026-03-07 16:12:03,629 - app.storage.database - INFO - Data loaded into regions
2026-03-07 16:12:03,659 - app.storage.database - INFO - Data loaded into languages
2026-03-07 16:12:03,687 - app.storage.database - INFO - Data loaded into currencies
2026-03-09 20:45:29,467 - app.processing.elt_pipeline - INFO - ELT Pipeline Started
2026-03-09 20:45:29,469 - app.processing.elt_pipeline - INFO - ELT Extraction Started
2026-03-09 20:45:29,470 - app.ingestion.api_client - INFO - Starting API request...
2026-03-09 20:45:31,655 - app.ingestion.api_client - INFO - API request successful.
2026-03-09 20:45:31,674 - app.ingestion.api_client - INFO - Raw data saved at data/raw/countries_raw_20260309_204531.json
2026-03-09 20:45:31,676 - app.processing.elt_pipeline - INFO - ELT Extraction Completed
2026-03-09 20:45:31,677 - app.processing.elt_pipeline - INFO - loading raw data into database
2026-03-09 20:46:18,768 - app.processing.elt_pipeline - INFO - ELT Pipeline Started
2026-03-09 20:46:18,769 - app.processing.elt_pipeline - INFO - ELT Extraction Started
2026-03-09 20:46:18,772 - app.ingestion.api_client - INFO - Starting API request...
2026-03-09 20:46:23,418 - app.ingestion.api_client - INFO - API request successful.
2026-03-09 20:46:23,431 - app.ingestion.api_client - INFO - Raw data saved at data/raw/countries_raw_20260309_204623.json
2026-03-09 20:46:23,433 - app.processing.elt_pipeline - INFO - ELT Extraction Completed
2026-03-09 20:46:23,433 - app.processing.elt_pipeline - INFO - loading raw data into database
2026-03-09 20:47:29,943 - app.processing.etl_pipeline - INFO - ETL pipeline started
2026-03-09 20:47:29,949 - app.processing.etl_pipeline - INFO - Starting Extraction Step
2026-03-09 20:47:29,950 - app.ingestion.api_client - INFO - Starting API request...
2026-03-09 20:47:32,481 - app.ingestion.api_client - INFO - API request successful.
2026-03-09 20:47:32,495 - app.ingestion.api_client - INFO - Raw data saved at data/raw/countries_raw_20260309_204732.json
2026-03-09 20:47:32,495 - app.processing.etl_pipeline - INFO - Extraction completed
2026-03-09 20:47:32,496 - app.processing.etl_pipeline - INFO - Starting Data Validation
2026-03-09 20:47:32,497 - app.processing.validator - INFO - Loading raw file: data/raw\countries_raw_20260309_204732.json
2026-03-09 20:47:32,523 - app.processing.validator - INFO - Raw data loaded successfully.
2026-03-09 20:47:32,567 - app.processing.validator - INFO - Converted JSON to Dataframe.
2026-03-09 20:47:32,569 - app.processing.validator - INFO - Generating Schema Report...
2026-03-09 20:47:32,595 - app.processing.validator - INFO - Schema report saved to data/processed/schema_report.json
2026-03-09 20:47:32,596 - app.processing.etl_pipeline - INFO - Validation completed
2026-03-09 20:49:51,436 - app.processing.etl_pipeline - INFO - ETL pipeline started
2026-03-09 20:49:51,436 - app.processing.etl_pipeline - INFO - Starting Extraction Step
2026-03-09 20:49:51,436 - app.ingestion.api_client - INFO - Starting API request...
2026-03-09 20:49:53,355 - app.ingestion.api_client - INFO - API request successful.
2026-03-09 20:49:53,364 - app.ingestion.api_client - INFO - Raw data saved at data/raw/countries_raw_20260309_204953.json
2026-03-09 20:49:53,364 - app.processing.etl_pipeline - INFO - Extraction completed
2026-03-09 20:49:53,366 - app.processing.etl_pipeline - INFO - Starting Data Validation
2026-03-09 20:49:53,368 - app.processing.validator - INFO - Loading raw file: data/raw\countries_raw_20260309_204953.json
2026-03-09 20:49:53,385 - app.processing.validator - INFO - Raw data loaded successfully.
2026-03-09 20:49:53,410 - app.processing.validator - INFO - Converted JSON to Dataframe.
2026-03-09 20:49:53,577 - app.processing.validator - INFO - Generating Schema Report...
2026-03-09 20:49:53,649 - app.processing.validator - INFO - Schema report saved to data/processed/schema_report.json
2026-03-09 20:49:53,662 - app.processing.etl_pipeline - INFO - Validation completed
2026-03-09 20:49:53,672 - app.processing.etl_pipeline - INFO - Starting Data Transformation
2026-03-09 20:49:53,704 - app.processing.cleaner - INFO - selected relevant columns
2026-03-09 20:49:53,707 - app.processing.cleaner - INFO - Columns Renamed
2026-03-09 20:49:53,710 - app.processing.cleaner - INFO - Handled missing values
2026-03-09 20:49:53,713 - app.processing.cleaner - INFO - Nested field normalized
2026-03-09 20:49:53,715 - app.processing.cleaner - INFO - Clean dataset shape: (250, 10)
2026-03-09 20:49:53,718 - app.processing.cleaner - INFO - Data cleaning completed
2026-03-09 20:49:53,724 - app.processing.transformer - INFO - Population density calculated
2026-03-09 20:49:53,746 - app.processing.transformer - INFO - Region statistics created
2026-03-09 20:49:53,756 - app.processing.transformer - INFO - Language table created
2026-03-09 20:49:53,760 - app.processing.transformer - INFO - Currency table created
2026-03-09 20:49:53,761 - app.processing.transformer - INFO - All transformation completed
2026-03-09 20:49:53,762 - app.processing.etl_pipeline - INFO - Transformation Completed
2026-03-09 20:49:53,765 - app.processing.etl_pipeline - INFO - Starting Loading data in DB
2026-03-09 20:49:53,776 - app.storage.database - INFO - Database tables created
2026-03-09 20:49:53,802 - app.storage.database - INFO - Data loaded into countries
2026-03-09 20:49:53,820 - app.storage.database - INFO - Data loaded into regions
2026-03-09 20:49:53,833 - app.storage.database - INFO - Data loaded into languages
2026-03-09 20:49:53,842 - app.storage.database - INFO - Data loaded into currencies
2026-03-09 20:49:53,843 - app.processing.etl_pipeline - INFO - Loading Data completed
2026-03-09 20:49:53,844 - app.processing.etl_pipeline - INFO - ETL pipeline finished successfully
2026-03-09 20:49:53,850 - app.processing.elt_pipeline - INFO - ELT Pipeline Started
2026-03-09 20:49:53,852 - app.processing.elt_pipeline - INFO - ELT Extraction Started
2026-03-09 20:49:53,854 - app.ingestion.api_client - INFO - Starting API request...
2026-03-09 20:49:56,045 - app.ingestion.api_client - INFO - API request successful.
2026-03-09 20:49:56,152 - app.ingestion.api_client - INFO - Raw data saved at data/raw/countries_raw_20260309_204956.json
2026-03-09 20:49:56,160 - app.processing.elt_pipeline - INFO - ELT Extraction Completed
2026-03-09 20:49:56,161 - app.processing.elt_pipeline - INFO - loading raw data into database
2026-03-09 20:50:48,989 - app.processing.etl_pipeline - INFO - ETL pipeline started
2026-03-09 20:50:48,990 - app.processing.etl_pipeline - INFO - Starting Extraction Step
2026-03-09 20:50:48,991 - app.ingestion.api_client - INFO - Starting API request...
2026-03-09 20:50:51,049 - app.ingestion.api_client - INFO - API request successful.
2026-03-09 20:50:51,200 - app.ingestion.api_client - INFO - Raw data saved at data/raw/countries_raw_20260309_205051.json
2026-03-09 20:50:51,217 - app.processing.etl_pipeline - INFO - Extraction completed
2026-03-09 20:50:51,228 - app.processing.etl_pipeline - INFO - Starting Data Validation
2026-03-09 20:50:51,241 - app.processing.validator - INFO - Loading raw file: data/raw\countries_raw_20260309_205051.json
2026-03-09 20:50:51,259 - app.processing.validator - INFO - Raw data loaded successfully.
2026-03-09 20:50:51,323 - app.processing.validator - INFO - Converted JSON to Dataframe.
2026-03-09 20:50:51,339 - app.processing.validator - INFO - Generating Schema Report...
2026-03-09 20:50:51,374 - app.processing.validator - INFO - Schema report saved to data/processed/schema_report.json
2026-03-09 20:50:51,377 - app.processing.etl_pipeline - INFO - Validation completed
2026-03-09 20:50:51,383 - app.processing.etl_pipeline - INFO - Starting Data Transformation
2026-03-09 20:50:51,388 - app.processing.cleaner - INFO - selected relevant columns
2026-03-09 20:50:51,389 - app.processing.cleaner - INFO - Columns Renamed
2026-03-09 20:50:51,392 - app.processing.cleaner - INFO - Handled missing values
2026-03-09 20:50:51,395 - app.processing.cleaner - INFO - Nested field normalized
2026-03-09 20:50:51,405 - app.processing.cleaner - INFO - Clean dataset shape: (250, 10)
2026-03-09 20:50:51,410 - app.processing.cleaner - INFO - Data cleaning completed
2026-03-09 20:50:51,412 - app.processing.transformer - INFO - Population density calculated
2026-03-09 20:50:51,431 - app.processing.transformer - INFO - Region statistics created
2026-03-09 20:50:51,438 - app.processing.transformer - INFO - Language table created
2026-03-09 20:50:51,448 - app.processing.transformer - INFO - Currency table created
2026-03-09 20:50:51,452 - app.processing.transformer - INFO - All transformation completed
2026-03-09 20:50:51,463 - app.processing.etl_pipeline - INFO - Transformation Completed
2026-03-09 20:50:51,465 - app.processing.etl_pipeline - INFO - Starting Loading data in DB
2026-03-09 20:50:51,468 - app.storage.database - INFO - Database tables created
2026-03-09 20:50:51,491 - app.storage.database - INFO - Data loaded into countries
2026-03-09 20:50:51,510 - app.storage.database - INFO - Data loaded into regions
2026-03-09 20:50:51,524 - app.storage.database - INFO - Data loaded into languages
2026-03-09 20:50:51,540 - app.storage.database - INFO - Data loaded into currencies
2026-03-09 20:50:51,547 - app.processing.etl_pipeline - INFO - Loading Data completed
2026-03-09 20:50:51,551 - app.processing.etl_pipeline - INFO - ETL pipeline finished successfully
2026-03-09 20:50:51,553 - app.processing.elt_pipeline - INFO - ELT Pipeline Started
2026-03-09 20:50:51,556 - app.processing.elt_pipeline - INFO - ELT Extraction Started
2026-03-09 20:50:51,557 - app.ingestion.api_client - INFO - Starting API request...
2026-03-09 20:50:54,695 - app.ingestion.api_client - INFO - API request successful.
2026-03-09 20:50:54,708 - app.ingestion.api_client - INFO - Raw data saved at data/raw/countries_raw_20260309_205054.json
2026-03-09 20:50:54,708 - app.processing.elt_pipeline - INFO - ELT Extraction Completed
2026-03-09 20:50:54,710 - app.processing.elt_pipeline - INFO - loading raw data into database
2026-03-09 20:52:19,065 - app.processing.etl_pipeline - INFO - ETL pipeline started
2026-03-09 20:52:19,068 - app.processing.etl_pipeline - INFO - Starting Extraction Step
2026-03-09 20:52:19,073 - app.ingestion.api_client - INFO - Starting API request...
2026-03-09 20:52:21,487 - app.ingestion.api_client - INFO - API request successful.
2026-03-09 20:52:21,592 - app.ingestion.api_client - INFO - Raw data saved at data/raw/countries_raw_20260309_205221.json
2026-03-09 20:52:21,596 - app.processing.etl_pipeline - INFO - Extraction completed
2026-03-09 20:52:21,750 - app.processing.etl_pipeline - INFO - Starting Data Validation
2026-03-09 20:52:21,794 - app.processing.validator - INFO - Loading raw file: data/raw\countries_raw_20260309_205221.json
2026-03-09 20:52:21,885 - app.processing.validator - INFO - Raw data loaded successfully.
2026-03-09 20:52:21,955 - app.processing.validator - INFO - Converted JSON to Dataframe.
2026-03-09 20:52:21,972 - app.processing.validator - INFO - Generating Schema Report...
2026-03-09 20:52:22,051 - app.processing.validator - INFO - Schema report saved to data/processed/schema_report.json
2026-03-09 20:52:22,063 - app.processing.etl_pipeline - INFO - Validation completed
2026-03-09 20:52:22,077 - app.processing.etl_pipeline - INFO - Starting Data Transformation
2026-03-09 20:52:22,088 - app.processing.cleaner - INFO - selected relevant columns
2026-03-09 20:52:22,115 - app.processing.cleaner - INFO - Columns Renamed
2026-03-09 20:52:22,122 - app.processing.cleaner - INFO - Handled missing values
2026-03-09 20:52:22,138 - app.processing.cleaner - INFO - Nested field normalized
2026-03-09 20:52:22,175 - app.processing.cleaner - INFO - Clean dataset shape: (250, 10)
2026-03-09 20:52:22,187 - app.processing.cleaner - INFO - Data cleaning completed
2026-03-09 20:52:22,226 - app.processing.transformer - INFO - Population density calculated
2026-03-09 20:52:22,248 - app.processing.transformer - INFO - Region statistics created
2026-03-09 20:52:22,341 - app.processing.transformer - INFO - Language table created
2026-03-09 20:52:22,387 - app.processing.transformer - INFO - Currency table created
2026-03-09 20:52:22,426 - app.processing.transformer - INFO - All transformation completed
2026-03-09 20:52:22,440 - app.processing.etl_pipeline - INFO - Transformation Completed
2026-03-09 20:52:22,469 - app.processing.etl_pipeline - INFO - Starting Loading data in DB
2026-03-09 20:52:22,523 - app.storage.database - INFO - Database tables created
2026-03-09 20:52:22,554 - app.storage.database - INFO - Data loaded into countries
2026-03-09 20:52:22,588 - app.storage.database - INFO - Data loaded into regions
2026-03-09 20:52:22,605 - app.storage.database - INFO - Data loaded into languages
2026-03-09 20:52:22,628 - app.storage.database - INFO - Data loaded into currencies
2026-03-09 20:52:22,634 - app.processing.etl_pipeline - INFO - Loading Data completed
2026-03-09 20:52:22,640 - app.processing.etl_pipeline - INFO - ETL pipeline finished successfully
2026-03-09 20:52:22,649 - app.processing.elt_pipeline - INFO - ELT Pipeline Started
2026-03-09 20:52:22,650 - app.processing.elt_pipeline - INFO - ELT Extraction Started
2026-03-09 20:52:22,653 - app.ingestion.api_client - INFO - Starting API request...
2026-03-09 20:52:24,826 - app.ingestion.api_client - INFO - API request successful.
2026-03-09 20:52:24,836 - app.ingestion.api_client - INFO - Raw data saved at data/raw/countries_raw_20260309_205224.json
2026-03-09 20:52:24,837 - app.processing.elt_pipeline - INFO - ELT Extraction Completed
2026-03-09 20:52:24,839 - app.processing.elt_pipeline - INFO - loading raw data into database
2026-03-09 20:52:24,865 - app.processing.elt_pipeline - INFO - Raw data loaded into raw_countries table
2026-03-09 20:52:24,874 - app.processing.elt_pipeline - INFO - Starting SQL Transformation
2026-03-09 20:52:24,883 - app.processing.elt_pipeline - INFO - SQL Transformation Completed
2026-03-09 20:52:24,885 - app.processing.elt_pipeline - INFO - ELT Pipeline Completed
